<?xml version="1.0" encoding="UTF-8"?>
<testsuite xmlns:xsi="http://www.w3.org/2001/XMLSchema-instance" xsi:noNamespaceSchemaLocation="https://maven.apache.org/surefire/maven-surefire-plugin/xsd/surefire-test-report-3.0.xsd" version="3.0" name="com.pegue_monte_universo.site.SiteApplicationTests" time="4.904" tests="1" errors="0" skipped="0" failures="0">
  <properties>
[...]
</properties>
  <testcase name="contextLoads" classname="com.pegue_monte_universo.site.SiteApplicationTests" time="1.389">
    <system-out><![CDATA[23:15:16.480 [main] INFO org.springframework.test.context.support.AnnotationConfigContextLoaderUtils -- Could not detect default configuration classes for test class [com.pegue_monte_universo.site.SiteApplicationTests]: SiteApplicationTests does not declare any static, non-private, non-final, nested classes annotated with @Configuration.
23:15:16.613 [main] INFO org.springframework.boot.test.context.SpringBootTestContextBootstrapper -- Found @SpringBootConfiguration com.pegue_monte_universo.site.SiteApplication for test class com.pegue_monte_universo.site.SiteApplicationTests
  .   ____          _            __ _ _
 /\\ / ___'_ __ _ _(_)_ __  __ _ \ \ \ \
( ( )\___ | '_ | '_| | '_ \/ _` | \ \ \ \
 \\/  ___)| |_)| | | | | || (_| |  ) ) ) )
  '  |____| .__|_| |_|_| |_\__, | / / / /
 =========|_|==============|___/=/_/_/_/

 :: Spring Boot ::                (v3.3.0)

2024-06-02T23:15:17.666-03:00  INFO 7272 --- [site] [           main] c.p.site.SiteApplicationTests            : Starting SiteApplicationTests using Java 21.0.1 with PID 7272 (started by silva in C:\Users\silva\Documents\NetBeansProjects\site)
2024-06-02T23:15:17.668-03:00  INFO 7272 --- [site] [           main] c.p.site.SiteApplicationTests            : No active profile set, falling back to 1 default profile: "default"
2024-06-02T23:15:19.566-03:00  WARN 7272 --- [site] [           main] ion$DefaultTemplateResolverConfiguration : Cannot find template location: classpath:/templates/ (please add some templates, check your Thymeleaf configuration, or set spring.thymeleaf.check-template-location=false)
2024-06-02T23:15:19.653-03:00  INFO 7272 --- [site] [           main] c.p.site.SiteApplicationTests            : Started SiteApplicationTests in 2.66 seconds (process running for 5.22)
]]></system-out>
    <system-err><![CDATA[WARNING: A Java agent has been loaded dynamically (C:\Users\silva\.m2\repository\net\bytebuddy\byte-buddy-agent\1.14.16\byte-buddy-agent-1.14.16.jar)
WARNING: If a serviceability tool is in use, please run with -XX:+EnableDynamicAgentLoading to hide this warning
WARNING: If a serviceability tool is not in use, please run with -Djdk.instrument.traceUsage for more information
WARNING: Dynamic loading of agents will be disallowed by default in a future release
]]></system-err>
  </testcase>
</testsuite>